C:\USERS\JOHN\DOCUMENTS\VISUAL STUDIO 2012\PROJECTS\NAMEDICTIONARY\NAMEDICTIONARY\DEBUG\DICTIONARYNODE.OBJ
C:\USERS\JOHN\DOCUMENTS\VISUAL STUDIO 2012\PROJECTS\NAMEDICTIONARY\NAMEDICTIONARY\DEBUG\HASHDICTIONARY.OBJ
C:\USERS\JOHN\DOCUMENTS\VISUAL STUDIO 2012\PROJECTS\NAMEDICTIONARY\NAMEDICTIONARY\DEBUG\MAIN.OBJ
C:\USERS\JOHN\DOCUMENTS\VISUAL STUDIO 2012\PROJECTS\NAMEDICTIONARY\NAMEDICTIONARY\DEBUG\VC110.PDB
C:\USERS\JOHN\DOCUMENTS\VISUAL STUDIO 2012\PROJECTS\NAMEDICTIONARY\DEBUG\NAMEDICTIONARY.ILK
C:\USERS\JOHN\DOCUMENTS\VISUAL STUDIO 2012\PROJECTS\NAMEDICTIONARY\DEBUG\NAMEDICTIONARY.EXE
C:\USERS\JOHN\DOCUMENTS\VISUAL STUDIO 2012\PROJECTS\NAMEDICTIONARY\DEBUG\NAMEDICTIONARY.PDB
C:\Users\John\Documents\Visual Studio 2012\Projects\NameDictionary\NameDictionary\Debug\DictionaryNode.obj
C:\Users\John\Documents\Visual Studio 2012\Projects\NameDictionary\NameDictionary\Debug\HashDictionary.obj
C:\Users\John\Documents\Visual Studio 2012\Projects\NameDictionary\NameDictionary\Debug\main.obj
C:\Users\John\Documents\Visual Studio 2012\Projects\NameDictionary\NameDictionary\Debug\cl.command.1.tlog
C:\Users\John\Documents\Visual Studio 2012\Projects\NameDictionary\NameDictionary\Debug\CL.read.1.tlog
C:\Users\John\Documents\Visual Studio 2012\Projects\NameDictionary\NameDictionary\Debug\CL.write.1.tlog
C:\Users\John\Documents\Visual Studio 2012\Projects\NameDictionary\NameDictionary\Debug\link-cvtres.read.1.tlog
C:\Users\John\Documents\Visual Studio 2012\Projects\NameDictionary\NameDictionary\Debug\link-cvtres.write.1.tlog
C:\Users\John\Documents\Visual Studio 2012\Projects\NameDictionary\NameDictionary\Debug\link-rc.read.1.tlog
C:\Users\John\Documents\Visual Studio 2012\Projects\NameDictionary\NameDictionary\Debug\link-rc.write.1.tlog
C:\Users\John\Documents\Visual Studio 2012\Projects\NameDictionary\NameDictionary\Debug\link.command.1.tlog
C:\Users\John\Documents\Visual Studio 2012\Projects\NameDictionary\NameDictionary\Debug\link.read.1.tlog
C:\Users\John\Documents\Visual Studio 2012\Projects\NameDictionary\NameDictionary\Debug\link.write.1.tlog
C:\Users\John\Documents\Visual Studio 2012\Projects\NameDictionary\NameDictionary\Debug\vc110.idb
C:\Users\John\Documents\Visual Studio 2012\Projects\NameDictionary\NameDictionary\Debug\vc110.pdb
C:\Users\John\Documents\Visual Studio 2012\Projects\NameDictionary\Debug\NameDictionary.pdb
C:\Users\John\Documents\Visual Studio 2012\Projects\NameDictionary\Debug\NameDictionary.exe
C:\Users\John\Documents\Visual Studio 2012\Projects\NameDictionary\Debug\NameDictionary.ilk
